<?xml version="1.0" encoding="UTF-8"?>
<testng-results ignored="0" total="1" passed="1" failed="0" skipped="0">
  <reporter-output>
  </reporter-output>
  <suite started-at="2023-09-12T15:31:04 IST" name="Suite" finished-at="2023-09-12T15:31:16 IST" duration-ms="12278">
    <groups>
    </groups>
    <test started-at="2023-09-12T15:31:04 IST" name="Test" finished-at="2023-09-12T15:31:16 IST" duration-ms="12278">
      <class name="com.qa.testscript.TC_MakeMyTrip_001">
        <test-method is-config="true" signature="setUp(java.lang.String,java.lang.String)[pri:0, instance:com.qa.testscript.TC_MakeMyTrip_001@429bffaa]" started-at="2023-09-12T15:31:04 IST" name="setUp" finished-at="2023-09-12T15:31:10 IST" duration-ms="6414" status="PASS">
          <params>
            <param index="0">
              <value>
                <![CDATA[https://www.makemytrip.com/]]>
              </value>
            </param>
            <param index="1">
              <value>
                <![CDATA[firefox]]>
              </value>
            </param>
          </params>
          <reporter-output>
          </reporter-output>
        </test-method> <!-- setUp -->
        <test-method signature="checkLogo()[pri:0, instance:com.qa.testscript.TC_MakeMyTrip_001@429bffaa]" started-at="2023-09-12T15:31:10 IST" name="checkLogo" finished-at="2023-09-12T15:31:14 IST" duration-ms="4346" status="PASS">
          <reporter-output>
          </reporter-output>
        </test-method> <!-- checkLogo -->
        <test-method is-config="true" signature="tearDown()[pri:0, instance:com.qa.testscript.TC_MakeMyTrip_001@429bffaa]" started-at="2023-09-12T15:31:14 IST" name="tearDown" finished-at="2023-09-12T15:31:16 IST" duration-ms="1456" status="PASS">
          <reporter-output>
          </reporter-output>
        </test-method> <!-- tearDown -->
      </class> <!-- com.qa.testscript.TC_MakeMyTrip_001 -->
    </test> <!-- Test -->
  </suite> <!-- Suite -->
</testng-results>
