<?xml version="1.0" encoding="UTF-8"?>
<testng-results ignored="0" total="1" passed="1" failed="0" skipped="0">
  <reporter-output>
  </reporter-output>
  <suite started-at="2023-05-12T22:51:57 IST" name="Suite" finished-at="2023-05-12T22:52:53 IST" duration-ms="55494">
    <groups>
    </groups>
    <test started-at="2023-05-12T22:51:57 IST" name="Test" finished-at="2023-05-12T22:52:53 IST" duration-ms="55494">
      <class name="com.qa.testscript.TC_MakeMyTrip_002">
        <test-method is-config="true" signature="setUp(java.lang.String,java.lang.String)[pri:0, instance:com.qa.testscript.TC_MakeMyTrip_002@37654521]" started-at="2023-05-12T22:51:58 IST" name="setUp" finished-at="2023-05-12T22:52:05 IST" duration-ms="7253" status="PASS">
          <params>
            <param index="0">
              <value>
                <![CDATA[https://www.makemytrip.com/]]>
              </value>
            </param>
            <param index="1">
              <value>
                <![CDATA[Chrome]]>
              </value>
            </param>
          </params>
          <reporter-output>
          </reporter-output>
        </test-method> <!-- setUp -->
        <test-method signature="CheckFlightsFromToCity()[pri:1, instance:com.qa.testscript.TC_MakeMyTrip_002@37654521]" started-at="2023-05-12T22:52:05 IST" name="CheckFlightsFromToCity" finished-at="2023-05-12T22:52:53 IST" duration-ms="47760" status="PASS">
          <reporter-output>
          </reporter-output>
        </test-method> <!-- CheckFlightsFromToCity -->
        <test-method is-config="true" signature="tearDown()[pri:0, instance:com.qa.testscript.TC_MakeMyTrip_002@37654521]" started-at="2023-05-12T22:52:53 IST" name="tearDown" finished-at="2023-05-12T22:52:53 IST" duration-ms="442" status="PASS">
          <reporter-output>
          </reporter-output>
        </test-method> <!-- tearDown -->
      </class> <!-- com.qa.testscript.TC_MakeMyTrip_002 -->
    </test> <!-- Test -->
  </suite> <!-- Suite -->
</testng-results>
